[01m[K/ws/ros2_ws/src/components_cpp/src/number_publisher.cpp:8:5:[m[K [01;31m[Kerror: [m[Kâ€˜[01m[KNumberPublisher[m[Kâ€™ does not name a type; did you mean â€˜[01m[KNumberPublisherNode[m[Kâ€™?
    8 |     [01;31m[KNumberPublisher[m[K::NumberPublisher(const rclcpp::NodeOptions &options) : Node("number_publisher", options)
      |     [01;31m[K^~~~~~~~~~~~~~~[m[K
      |     [32m[KNumberPublisherNode[m[K
[01m[K/ws/ros2_ws/src/components_cpp/src/number_publisher.cpp:[m[K In function â€˜[01m[Kvoid my_namespace::publishNumber()[m[Kâ€™:
[01m[K/ws/ros2_ws/src/components_cpp/src/number_publisher.cpp:22:20:[m[K [01;31m[Kerror: [m[Kâ€˜[01m[Knumber_[m[Kâ€™ was not declared in this scope
   22 |         msg.data = [01;31m[Knumber_[m[K;
      |                    [01;31m[K^~~~~~~[m[K
[01m[K/ws/ros2_ws/src/components_cpp/src/number_publisher.cpp:23:9:[m[K [01;31m[Kerror: [m[Kâ€˜[01m[Knumber_publisher_[m[Kâ€™ was not declared in this scope; did you mean â€˜[01m[KNumberPublisherNode[m[Kâ€™?
   23 |         [01;31m[Knumber_publisher_[m[K->publish(msg);
      |         [01;31m[K^~~~~~~~~~~~~~~~~[m[K
      |         [32m[KNumberPublisherNode[m[K
In file included from [01m[K/opt/ros/humble/include/class_loader/class_loader/class_loader.hpp:56[m[K,
                 from [01m[K/opt/ros/humble/include/rclcpp_components/rclcpp_components/register_node_macro.hpp:18[m[K,
                 from [01m[K/ws/ros2_ws/src/components_cpp/src/number_publisher.cpp:32[m[K:
[01m[K/ws/ros2_ws/src/components_cpp/src/number_publisher.cpp:[m[K At global scope:
[01m[K/ws/ros2_ws/src/components_cpp/src/number_publisher.cpp:33:47:[m[K [01;31m[Kerror: [m[Kâ€˜[01m[KNumberPublisher[m[Kâ€™ is not a member of â€˜[01m[Kmy_namespace[m[Kâ€™; did you mean â€˜[01m[Knumber_publisher_[m[Kâ€™?
   33 | RCLCPP_COMPONENTS_REGISTER_NODE(my_namespace::[01;31m[KNumberPublisher[m[K)
      |                                               [01;31m[K^~~~~~~~~~~~~~~[m[K
[01m[K/ws/ros2_ws/src/components_cpp/src/number_publisher.cpp:33:1:[m[K [01;31m[Kerror: [m[Ktemplate argument 1 is invalid
   33 | [01;31m[KRCLCPP_COMPONENTS_REGISTER_NODE[m[K(my_namespace::NumberPublisher)
      | [01;31m[K^~~~~~~~~~~~~~~~~~~~~~~~~~~~~~~[m[K
In file included from [01m[K/opt/ros/humble/include/class_loader/class_loader/class_loader_core.hpp:57[m[K,
                 from [01m[K/opt/ros/humble/include/class_loader/class_loader/class_loader.hpp:55[m[K,
                 from [01m[K/opt/ros/humble/include/rclcpp_components/rclcpp_components/register_node_macro.hpp:18[m[K,
                 from [01m[K/ws/ros2_ws/src/components_cpp/src/number_publisher.cpp:32[m[K:
/opt/ros/humble/include/class_loader/class_loader/meta_object.hpp: In instantiation of â€˜[01m[KB* class_loader::impl::MetaObject<C, B>::create() const [with C = int; B = rclcpp_components::NodeFactory][m[Kâ€™:
[01m[K/opt/ros/humble/include/class_loader/class_loader/meta_object.hpp:216:7:[m[K   required from here
[01m[K/opt/ros/humble/include/class_loader/class_loader/meta_object.hpp:218:12:[m[K [01;31m[Kerror: [m[Kcannot convert â€˜[01m[Kint*[m[Kâ€™ to â€˜[01m[Krclcpp_components::NodeFactory*[m[Kâ€™ in return
  218 |     return [01;31m[Knew C[m[K;
      |            [01;31m[K^~~~~[m[K
      |            [01;31m[K|[m[K
      |            [01;31m[Kint*[m[K
gmake[2]: *** [CMakeFiles/number_pub_component.dir/build.make:76: CMakeFiles/number_pub_component.dir/src/number_publisher.cpp.o] Error 1
gmake[1]: *** [CMakeFiles/Makefile2:137: CMakeFiles/number_pub_component.dir/all] Error 2
gmake: *** [Makefile:146: all] Error 2
