[0.311s] Invoking command in '/ws/ros2_ws/src/build/components_cpp': CMAKE_PREFIX_PATH=${CMAKE_PREFIX_PATH}:/ws/ros2_ws/install/turtlesim_catch_them_all:/ws/ros2_ws/install/activity:/ws/ros2_ws/install/my_py_pkg:/ws/ros2_ws/install/lifecycle_py:/ws/ros2_ws/install/executors_py:/ws/ros2_ws/install/components_py:/ws/ros2_ws/install/action_py:/ws/r2_ws/install/silo_tracking:/ws/r2_ws/install/r2_py:/ws/r2_ws/install/r2_navigation:/ws/r2_ws/install/luna_control:/ws/r2_ws/install/controls:/ws/r2_ws/install/ball_tracking:/opt/ros/humble /usr/bin/cmake /ws/ros2_ws/src/components_cpp -DAMENT_CMAKE_SYMLINK_INSTALL=1 -DCMAKE_INSTALL_PREFIX=/ws/ros2_ws/src/install/components_cpp
[0.745s] -- Found ament_cmake: 1.3.9 (/opt/ros/humble/share/ament_cmake/cmake)
[0.745s] -- Override CMake install command with custom implementation using symlinks instead of copying resources
[0.745s] -- Found rclcpp: 16.0.9 (/opt/ros/humble/share/rclcpp/cmake)
[0.745s] -- Found rosidl_generator_c: 3.1.5 (/opt/ros/humble/share/rosidl_generator_c/cmake)
[0.745s] -- Found rosidl_adapter: 3.1.5 (/opt/ros/humble/share/rosidl_adapter/cmake)
[0.745s] -- Found rosidl_generator_cpp: 3.1.5 (/opt/ros/humble/share/rosidl_generator_cpp/cmake)
[0.745s] -- Using all available rosidl_typesupport_c: rosidl_typesupport_fastrtps_c;rosidl_typesupport_introspection_c
[0.745s] -- Using all available rosidl_typesupport_cpp: rosidl_typesupport_fastrtps_cpp;rosidl_typesupport_introspection_cpp
[0.745s] -- Found rmw_implementation_cmake: 6.1.2 (/opt/ros/humble/share/rmw_implementation_cmake/cmake)
[0.745s] -- Found rmw_fastrtps_cpp: 6.2.6 (/opt/ros/humble/share/rmw_fastrtps_cpp/cmake)
[0.746s] -- Using RMW implementation 'rmw_fastrtps_cpp' as default
[0.746s] -- Found rclcpp_components: 16.0.9 (/opt/ros/humble/share/rclcpp_components/cmake)
[0.746s] -- Found example_interfaces: 0.9.3 (/opt/ros/humble/share/example_interfaces/cmake)
[0.840s] -- Configuring done
[0.846s] -- Generating done
[0.847s] -- Build files have been written to: /ws/ros2_ws/src/build/components_cpp
[0.906s] Invoked command in '/ws/ros2_ws/src/build/components_cpp' returned '0': CMAKE_PREFIX_PATH=${CMAKE_PREFIX_PATH}:/ws/ros2_ws/install/turtlesim_catch_them_all:/ws/ros2_ws/install/activity:/ws/ros2_ws/install/my_py_pkg:/ws/ros2_ws/install/lifecycle_py:/ws/ros2_ws/install/executors_py:/ws/ros2_ws/install/components_py:/ws/ros2_ws/install/action_py:/ws/r2_ws/install/silo_tracking:/ws/r2_ws/install/r2_py:/ws/r2_ws/install/r2_navigation:/ws/r2_ws/install/luna_control:/ws/r2_ws/install/controls:/ws/r2_ws/install/ball_tracking:/opt/ros/humble /usr/bin/cmake /ws/ros2_ws/src/components_cpp -DAMENT_CMAKE_SYMLINK_INSTALL=1 -DCMAKE_INSTALL_PREFIX=/ws/ros2_ws/src/install/components_cpp
[0.907s] Invoking command in '/ws/ros2_ws/src/build/components_cpp': CMAKE_PREFIX_PATH=${CMAKE_PREFIX_PATH}:/ws/ros2_ws/install/turtlesim_catch_them_all:/ws/ros2_ws/install/activity:/ws/ros2_ws/install/my_py_pkg:/ws/ros2_ws/install/lifecycle_py:/ws/ros2_ws/install/executors_py:/ws/ros2_ws/install/components_py:/ws/ros2_ws/install/action_py:/ws/r2_ws/install/silo_tracking:/ws/r2_ws/install/r2_py:/ws/r2_ws/install/r2_navigation:/ws/r2_ws/install/luna_control:/ws/r2_ws/install/controls:/ws/r2_ws/install/ball_tracking:/opt/ros/humble /usr/bin/cmake --build /ws/ros2_ws/src/build/components_cpp -- -j24 -l24
[0.942s] [ 50%] [32mBuilding CXX object CMakeFiles/number_pub_component.dir/src/number_publisher.cpp.o[0m
[2.518s] [01m[K/ws/ros2_ws/src/components_cpp/src/number_publisher.cpp:8:5:[m[K [01;31m[Kerror: [m[Kâ€˜[01m[KNumberPublisher[m[Kâ€™ does not name a type; did you mean â€˜[01m[KNumberPublisherNode[m[Kâ€™?
[2.518s]     8 |     [01;31m[KNumberPublisher[m[K::NumberPublisher(const rclcpp::NodeOptions &options) : Node("number_publisher", options)
[2.518s]       |     [01;31m[K^~~~~~~~~~~~~~~[m[K
[2.518s]       |     [32m[KNumberPublisherNode[m[K
[2.520s] [01m[K/ws/ros2_ws/src/components_cpp/src/number_publisher.cpp:[m[K In function â€˜[01m[Kvoid my_namespace::publishNumber()[m[Kâ€™:
[2.520s] [01m[K/ws/ros2_ws/src/components_cpp/src/number_publisher.cpp:22:20:[m[K [01;31m[Kerror: [m[Kâ€˜[01m[Knumber_[m[Kâ€™ was not declared in this scope
[2.520s]    22 |         msg.data = [01;31m[Knumber_[m[K;
[2.520s]       |                    [01;31m[K^~~~~~~[m[K
[2.523s] [01m[K/ws/ros2_ws/src/components_cpp/src/number_publisher.cpp:23:9:[m[K [01;31m[Kerror: [m[Kâ€˜[01m[Knumber_publisher_[m[Kâ€™ was not declared in this scope; did you mean â€˜[01m[KNumberPublisherNode[m[Kâ€™?
[2.523s]    23 |         [01;31m[Knumber_publisher_[m[K->publish(msg);
[2.523s]       |         [01;31m[K^~~~~~~~~~~~~~~~~[m[K
[2.524s]       |         [32m[KNumberPublisherNode[m[K
[2.532s] In file included from [01m[K/opt/ros/humble/include/class_loader/class_loader/class_loader.hpp:56[m[K,
[2.533s]                  from [01m[K/opt/ros/humble/include/rclcpp_components/rclcpp_components/register_node_macro.hpp:18[m[K,
[2.533s]                  from [01m[K/ws/ros2_ws/src/components_cpp/src/number_publisher.cpp:32[m[K:
[2.533s] [01m[K/ws/ros2_ws/src/components_cpp/src/number_publisher.cpp:[m[K At global scope:
[2.533s] [01m[K/ws/ros2_ws/src/components_cpp/src/number_publisher.cpp:33:47:[m[K [01;31m[Kerror: [m[Kâ€˜[01m[KNumberPublisher[m[Kâ€™ is not a member of â€˜[01m[Kmy_namespace[m[Kâ€™; did you mean â€˜[01m[Knumber_publisher_[m[Kâ€™?
[2.533s]    33 | RCLCPP_COMPONENTS_REGISTER_NODE(my_namespace::[01;31m[KNumberPublisher[m[K)
[2.533s]       |                                               [01;31m[K^~~~~~~~~~~~~~~[m[K
[2.533s] [01m[K/ws/ros2_ws/src/components_cpp/src/number_publisher.cpp:33:1:[m[K [01;31m[Kerror: [m[Ktemplate argument 1 is invalid
[2.533s]    33 | [01;31m[KRCLCPP_COMPONENTS_REGISTER_NODE[m[K(my_namespace::NumberPublisher)
[2.533s]       | [01;31m[K^~~~~~~~~~~~~~~~~~~~~~~~~~~~~~~[m[K
[2.779s] In file included from [01m[K/opt/ros/humble/include/class_loader/class_loader/class_loader_core.hpp:57[m[K,
[2.779s]                  from [01m[K/opt/ros/humble/include/class_loader/class_loader/class_loader.hpp:55[m[K,
[2.779s]                  from [01m[K/opt/ros/humble/include/rclcpp_components/rclcpp_components/register_node_macro.hpp:18[m[K,
[2.779s]                  from [01m[K/ws/ros2_ws/src/components_cpp/src/number_publisher.cpp:32[m[K:
[2.779s] /opt/ros/humble/include/class_loader/class_loader/meta_object.hpp: In instantiation of â€˜[01m[KB* class_loader::impl::MetaObject<C, B>::create() const [with C = int; B = rclcpp_components::NodeFactory][m[Kâ€™:
[2.779s] [01m[K/opt/ros/humble/include/class_loader/class_loader/meta_object.hpp:216:7:[m[K   required from here
[2.779s] [01m[K/opt/ros/humble/include/class_loader/class_loader/meta_object.hpp:218:12:[m[K [01;31m[Kerror: [m[Kcannot convert â€˜[01m[Kint*[m[Kâ€™ to â€˜[01m[Krclcpp_components::NodeFactory*[m[Kâ€™ in return
[2.779s]   218 |     return [01;31m[Knew C[m[K;
[2.779s]       |            [01;31m[K^~~~~[m[K
[2.779s]       |            [01;31m[K|[m[K
[2.779s]       |            [01;31m[Kint*[m[K
[2.815s] gmake[2]: *** [CMakeFiles/number_pub_component.dir/build.make:76: CMakeFiles/number_pub_component.dir/src/number_publisher.cpp.o] Error 1
[2.816s] gmake[1]: *** [CMakeFiles/Makefile2:137: CMakeFiles/number_pub_component.dir/all] Error 2
[2.816s] gmake: *** [Makefile:146: all] Error 2
[2.818s] Invoked command in '/ws/ros2_ws/src/build/components_cpp' returned '2': CMAKE_PREFIX_PATH=${CMAKE_PREFIX_PATH}:/ws/ros2_ws/install/turtlesim_catch_them_all:/ws/ros2_ws/install/activity:/ws/ros2_ws/install/my_py_pkg:/ws/ros2_ws/install/lifecycle_py:/ws/ros2_ws/install/executors_py:/ws/ros2_ws/install/components_py:/ws/ros2_ws/install/action_py:/ws/r2_ws/install/silo_tracking:/ws/r2_ws/install/r2_py:/ws/r2_ws/install/r2_navigation:/ws/r2_ws/install/luna_control:/ws/r2_ws/install/controls:/ws/r2_ws/install/ball_tracking:/opt/ros/humble /usr/bin/cmake --build /ws/ros2_ws/src/build/components_cpp -- -j24 -l24
